2026-02-03 18:00:21,644 - hybrid_denormalize - [32mINFO[0m - ============================================================
2026-02-03 18:00:21,645 - hybrid_denormalize - [32mINFO[0m - DESAGRUPAMENTO HIBRIDO (Expandir + JSON backup)
2026-02-03 18:00:21,645 - hybrid_denormalize - [32mINFO[0m - ============================================================
2026-02-03 18:00:21,647 - hybrid_denormalize - [32mINFO[0m - 
============================================================
2026-02-03 18:00:21,647 - hybrid_denormalize - [32mINFO[0m - Processando: data/PARCELAS_CONTARECEBER_DATACOMPETPARCELAS.json -> parcelas_contareceber_datacompetparcelas
2026-02-03 18:00:21,648 - hybrid_denormalize - [32mINFO[0m - ============================================================
2026-02-03 18:00:21,649 - hybrid_denormalize - [32mINFO[0m - Lendo JSON: data/PARCELAS_CONTARECEBER_DATACOMPETPARCELAS.json
2026-02-03 18:00:21,649 - hybrid_denormalize - [32mINFO[0m - Analisando arrays...
2026-02-03 18:00:22,189 - hybrid_denormalize - [32mINFO[0m -   receipts - max: 7, avg: 0.2, props: 23
2026-02-03 18:00:22,189 - hybrid_denormalize - [32mINFO[0m -   categories - max: 27, avg: 1.4, props: 13
2026-02-03 18:00:22,189 - hybrid_denormalize - [32mINFO[0m -   Estrategia: expandir receipts=3, categories=10
2026-02-03 18:00:22,701 - hybrid_denormalize - [32mINFO[0m - Total de registros: 19378
2026-02-03 18:00:22,714 - hybrid_denormalize - [32mINFO[0m -   [1000] registros processados...
2026-02-03 18:00:22,731 - hybrid_denormalize - [32mINFO[0m -   [2000] registros processados...
2026-02-03 18:00:22,743 - hybrid_denormalize - [32mINFO[0m -   [3000] registros processados...
2026-02-03 18:00:22,753 - hybrid_denormalize - [32mINFO[0m -   [4000] registros processados...
2026-02-03 18:00:22,765 - hybrid_denormalize - [32mINFO[0m -   [5000] registros processados...
2026-02-03 18:00:22,781 - hybrid_denormalize - [32mINFO[0m -   [6000] registros processados...
2026-02-03 18:00:22,795 - hybrid_denormalize - [32mINFO[0m -   [7000] registros processados...
2026-02-03 18:00:22,805 - hybrid_denormalize - [32mINFO[0m -   [8000] registros processados...
2026-02-03 18:00:22,815 - hybrid_denormalize - [32mINFO[0m -   [9000] registros processados...
2026-02-03 18:00:22,825 - hybrid_denormalize - [32mINFO[0m -   [10000] registros processados...
2026-02-03 18:00:22,832 - hybrid_denormalize - [32mINFO[0m -   [11000] registros processados...
2026-02-03 18:00:22,841 - hybrid_denormalize - [32mINFO[0m -   [12000] registros processados...
2026-02-03 18:00:22,848 - hybrid_denormalize - [32mINFO[0m -   [13000] registros processados...
2026-02-03 18:00:22,857 - hybrid_denormalize - [32mINFO[0m -   [14000] registros processados...
2026-02-03 18:00:22,865 - hybrid_denormalize - [32mINFO[0m -   [15000] registros processados...
2026-02-03 18:00:22,872 - hybrid_denormalize - [32mINFO[0m -   [16000] registros processados...
2026-02-03 18:00:22,885 - hybrid_denormalize - [32mINFO[0m -   [17000] registros processados...
2026-02-03 18:00:22,896 - hybrid_denormalize - [32mINFO[0m -   [18000] registros processados...
2026-02-03 18:00:22,914 - hybrid_denormalize - [32mINFO[0m -   [19000] registros processados...
2026-02-03 18:00:22,919 - hybrid_denormalize - [32mINFO[0m - Desagrupamento concluido: 19378 registros
2026-02-03 18:00:22,961 - hybrid_denormalize - [32mINFO[0m - Deletando tabela antiga: parcelas_contareceber_datacompetparcelas
2026-02-03 18:00:24,135 - hybrid_denormalize - [32mINFO[0m - Tabela deletada
2026-02-03 18:00:24,145 - hybrid_denormalize - [32mINFO[0m - Inserindo 19378 registros...
2026-02-03 18:00:24,728 - hybrid_denormalize - [32mINFO[0m - DataFrame shape: 19378 rows x 250 cols
2026-02-03 18:01:21,442 - hybrid_denormalize - [31mERROR[0m - Erro ao inserir dados: dict can not be used as parameter
2026-02-03 18:01:21,442 - hybrid_denormalize - [31mERROR[0m - Erro ao processar parcelas_contareceber_datacompetparcelas: dict can not be used as parameter

2026-02-03 18:01:21,443 - hybrid_denormalize - [32mINFO[0m - 
============================================================
2026-02-03 18:01:21,443 - hybrid_denormalize - [32mINFO[0m - Processando: data/PARCELAS_CONTARECEBER_DATAPAGTOPARCELAS.json -> parcelas_contareceber_datapagtoparcelas
2026-02-03 18:01:21,443 - hybrid_denormalize - [32mINFO[0m - ============================================================
2026-02-03 18:01:21,444 - hybrid_denormalize - [32mINFO[0m - Lendo JSON: data/PARCELAS_CONTARECEBER_DATAPAGTOPARCELAS.json
2026-02-03 18:01:21,444 - hybrid_denormalize - [32mINFO[0m - Analisando arrays...
2026-02-03 18:01:21,637 - hybrid_denormalize - [32mINFO[0m -   receipts - max: 7, avg: 1.0, props: 23
2026-02-03 18:01:21,637 - hybrid_denormalize - [32mINFO[0m -   categories - max: 27, avg: 1.5, props: 13
2026-02-03 18:01:21,638 - hybrid_denormalize - [32mINFO[0m -   Estrategia: expandir receipts=3, categories=10
2026-02-03 18:01:21,993 - hybrid_denormalize - [32mINFO[0m - Total de registros: 3505
2026-02-03 18:01:22,009 - hybrid_denormalize - [32mINFO[0m -   [1000] registros processados...
2026-02-03 18:01:22,023 - hybrid_denormalize - [32mINFO[0m -   [2000] registros processados...
2026-02-03 18:01:22,039 - hybrid_denormalize - [32mINFO[0m -   [3000] registros processados...
2026-02-03 18:01:22,047 - hybrid_denormalize - [32mINFO[0m - Desagrupamento concluido: 3505 registros
2026-02-03 18:01:22,049 - hybrid_denormalize - [32mINFO[0m - Deletando tabela antiga: parcelas_contareceber_datapagtoparcelas
2026-02-03 18:01:22,091 - hybrid_denormalize - [32mINFO[0m - Tabela deletada
2026-02-03 18:01:22,102 - hybrid_denormalize - [32mINFO[0m - Inserindo 3505 registros...
2026-02-03 18:01:22,216 - hybrid_denormalize - [32mINFO[0m - DataFrame shape: 3505 rows x 250 cols
2026-02-03 18:01:23,761 - hybrid_denormalize - [31mERROR[0m - Erro ao inserir dados: dict can not be used as parameter
2026-02-03 18:01:23,761 - hybrid_denormalize - [31mERROR[0m - Erro ao processar parcelas_contareceber_datapagtoparcelas: dict can not be used as parameter

2026-02-03 18:01:23,761 - hybrid_denormalize - [32mINFO[0m - ============================================================
2026-02-03 18:01:23,761 - hybrid_denormalize - [32mINFO[0m - DESAGRUPAMENTO CONCLUIDO
2026-02-03 18:01:23,761 - hybrid_denormalize - [32mINFO[0m - ============================================================
2026-02-03 18:01:54,424 - hybrid_denormalize - [32mINFO[0m - ============================================================
2026-02-03 18:01:54,425 - hybrid_denormalize - [32mINFO[0m - DESAGRUPAMENTO HIBRIDO (Expandir + JSON backup)
2026-02-03 18:01:54,425 - hybrid_denormalize - [32mINFO[0m - ============================================================
2026-02-03 18:01:54,426 - hybrid_denormalize - [32mINFO[0m - 
============================================================
2026-02-03 18:01:54,427 - hybrid_denormalize - [32mINFO[0m - Processando: data/PARCELAS_CONTARECEBER_DATACOMPETPARCELAS.json -> parcelas_contareceber_datacompetparcelas
2026-02-03 18:01:54,427 - hybrid_denormalize - [32mINFO[0m - ============================================================
2026-02-03 18:01:54,429 - hybrid_denormalize - [32mINFO[0m - Lendo JSON: data/PARCELAS_CONTARECEBER_DATACOMPETPARCELAS.json
2026-02-03 18:01:54,430 - hybrid_denormalize - [32mINFO[0m - Analisando arrays...
2026-02-03 18:01:55,222 - hybrid_denormalize - [32mINFO[0m -   receipts - max: 7, avg: 0.2, props: 23
2026-02-03 18:01:55,223 - hybrid_denormalize - [32mINFO[0m -   categories - max: 27, avg: 1.4, props: 13
2026-02-03 18:01:55,224 - hybrid_denormalize - [32mINFO[0m -   Estrategia: expandir receipts=3, categories=10
2026-02-03 18:01:55,952 - hybrid_denormalize - [32mINFO[0m - Total de registros: 19378
2026-02-03 18:01:55,978 - hybrid_denormalize - [32mINFO[0m -   [1000] registros processados...
2026-02-03 18:01:55,997 - hybrid_denormalize - [32mINFO[0m -   [2000] registros processados...
2026-02-03 18:01:56,014 - hybrid_denormalize - [32mINFO[0m -   [3000] registros processados...
2026-02-03 18:01:56,028 - hybrid_denormalize - [32mINFO[0m -   [4000] registros processados...
2026-02-03 18:01:56,044 - hybrid_denormalize - [32mINFO[0m -   [5000] registros processados...
2026-02-03 18:01:56,067 - hybrid_denormalize - [32mINFO[0m -   [6000] registros processados...
2026-02-03 18:01:56,084 - hybrid_denormalize - [32mINFO[0m -   [7000] registros processados...
2026-02-03 18:01:56,101 - hybrid_denormalize - [32mINFO[0m -   [8000] registros processados...
2026-02-03 18:01:56,118 - hybrid_denormalize - [32mINFO[0m -   [9000] registros processados...
2026-02-03 18:01:56,133 - hybrid_denormalize - [32mINFO[0m -   [10000] registros processados...
2026-02-03 18:01:56,147 - hybrid_denormalize - [32mINFO[0m -   [11000] registros processados...
2026-02-03 18:01:56,160 - hybrid_denormalize - [32mINFO[0m -   [12000] registros processados...
2026-02-03 18:01:56,175 - hybrid_denormalize - [32mINFO[0m -   [13000] registros processados...
2026-02-03 18:01:56,191 - hybrid_denormalize - [32mINFO[0m -   [14000] registros processados...
2026-02-03 18:01:56,206 - hybrid_denormalize - [32mINFO[0m -   [15000] registros processados...
2026-02-03 18:01:56,223 - hybrid_denormalize - [32mINFO[0m -   [16000] registros processados...
2026-02-03 18:01:56,262 - hybrid_denormalize - [32mINFO[0m -   [17000] registros processados...
2026-02-03 18:01:56,302 - hybrid_denormalize - [32mINFO[0m -   [18000] registros processados...
2026-02-03 18:01:56,340 - hybrid_denormalize - [32mINFO[0m -   [19000] registros processados...
2026-02-03 18:01:56,350 - hybrid_denormalize - [32mINFO[0m - Desagrupamento concluido: 19378 registros
2026-02-03 18:01:56,402 - hybrid_denormalize - [32mINFO[0m - Deletando tabela antiga: parcelas_contareceber_datacompetparcelas
2026-02-03 18:01:56,579 - hybrid_denormalize - [32mINFO[0m - Tabela deletada
2026-02-03 18:01:56,587 - hybrid_denormalize - [32mINFO[0m - Inserindo 19378 registros...
2026-02-03 18:01:57,259 - hybrid_denormalize - [32mINFO[0m - DataFrame shape: 19378 rows x 250 cols
2026-02-03 18:03:20,197 - hybrid_denormalize - [32mINFO[0m - Dados inseridos com sucesso
2026-02-03 18:03:20,350 - hybrid_denormalize - [32mINFO[0m - SUCESSO: parcelas_contareceber_datacompetparcelas recriada com sucesso!

2026-02-03 18:03:20,350 - hybrid_denormalize - [32mINFO[0m - 
============================================================
2026-02-03 18:03:20,351 - hybrid_denormalize - [32mINFO[0m - Processando: data/PARCELAS_CONTARECEBER_DATAPAGTOPARCELAS.json -> parcelas_contareceber_datapagtoparcelas
2026-02-03 18:03:20,351 - hybrid_denormalize - [32mINFO[0m - ============================================================
2026-02-03 18:03:20,351 - hybrid_denormalize - [32mINFO[0m - Lendo JSON: data/PARCELAS_CONTARECEBER_DATAPAGTOPARCELAS.json
2026-02-03 18:03:20,352 - hybrid_denormalize - [32mINFO[0m - Analisando arrays...
2026-02-03 18:03:20,555 - hybrid_denormalize - [32mINFO[0m -   receipts - max: 7, avg: 1.0, props: 23
2026-02-03 18:03:20,555 - hybrid_denormalize - [32mINFO[0m -   categories - max: 27, avg: 1.5, props: 13
2026-02-03 18:03:20,555 - hybrid_denormalize - [32mINFO[0m -   Estrategia: expandir receipts=3, categories=10
2026-02-03 18:03:20,773 - hybrid_denormalize - [32mINFO[0m - Total de registros: 3505
2026-02-03 18:03:20,816 - hybrid_denormalize - [32mINFO[0m -   [1000] registros processados...
2026-02-03 18:03:20,860 - hybrid_denormalize - [32mINFO[0m -   [2000] registros processados...
2026-02-03 18:03:20,907 - hybrid_denormalize - [32mINFO[0m -   [3000] registros processados...
2026-02-03 18:03:20,934 - hybrid_denormalize - [32mINFO[0m - Desagrupamento concluido: 3505 registros
2026-02-03 18:03:20,937 - hybrid_denormalize - [32mINFO[0m - Deletando tabela antiga: parcelas_contareceber_datapagtoparcelas
2026-02-03 18:03:20,989 - hybrid_denormalize - [32mINFO[0m - Tabela deletada
2026-02-03 18:03:20,997 - hybrid_denormalize - [32mINFO[0m - Inserindo 3505 registros...
2026-02-03 18:03:21,129 - hybrid_denormalize - [32mINFO[0m - DataFrame shape: 3505 rows x 250 cols
2026-02-03 18:03:42,242 - hybrid_denormalize - [32mINFO[0m - Dados inseridos com sucesso
2026-02-03 18:03:42,275 - hybrid_denormalize - [32mINFO[0m - SUCESSO: parcelas_contareceber_datapagtoparcelas recriada com sucesso!

2026-02-03 18:03:42,275 - hybrid_denormalize - [32mINFO[0m - ============================================================
2026-02-03 18:03:42,275 - hybrid_denormalize - [32mINFO[0m - DESAGRUPAMENTO CONCLUIDO
2026-02-03 18:03:42,275 - hybrid_denormalize - [32mINFO[0m - ============================================================
