2026-02-05 09:27:51,125 - main - [32mINFO[0m - Carregando arquivo: data\PARCELAS_CONTARECEBER_DATAPAGTO.json
2026-02-05 09:35:31,980 - main - [32mINFO[0m - Carregando arquivo: data\PARCELAS_CONTARECEBER_DATAPAGTO.json
2026-02-05 09:42:48,609 - main - [32mINFO[0m - Carregando arquivo: data\PARCELAS_CONTARECEBER_DATAPAGTO.json
2026-02-05 09:46:00,082 - main - [32mINFO[0m - Carregando arquivo: data\PARCELAS_CONTARECEBER_DATAPAGTO.json
2026-02-05 09:53:39,578 - main - [32mINFO[0m - Carregando arquivo: data\PARCELAS_CONTARECEBER_DATAPAGTO.json
2026-02-05 09:53:49,695 - main - [32mINFO[0m - Carregando arquivo: data\PARCELAS_CONTARECEBER_DATAPAGTO.json
2026-02-05 09:54:38,898 - main - [32mINFO[0m - Carregando arquivo: data\PARCELAS_CONTARECEBER_DATAPAGTO.json
2026-02-05 10:08:58,197 - main - [32mINFO[0m - Carregando arquivo: data\PARCELAS_CONTARECEBER_DATAPAGTO.json
2026-02-05 10:12:02,593 - main - [32mINFO[0m - Carregando arquivo: data\EXTRATO_CLIENTE_HISTORICO.json
2026-02-05 10:17:48,176 - main - [32mINFO[0m - Carregando arquivo: data\EXTRATO_CLIENTE_HISTORICO.json
2026-02-05 10:22:15,033 - main - [32mINFO[0m - Carregando arquivo: data\EXTRATO_CLIENTE_HISTORICO.json
2026-02-05 10:29:48,636 - main - [32mINFO[0m - Carregando arquivo: data\EXTRATO_CLIENTE_HISTORICO.json
2026-02-05 10:32:32,389 - main - [32mINFO[0m - Carregando arquivo: data\EXTRATO_CLIENTE_HISTORICO.json
2026-02-05 11:03:04,050 - main - [32mINFO[0m - Carregando arquivo: data\PARCELAS_CONTARECEBER_DATACOMPETPARCELAS.json
2026-02-05 11:07:31,947 - main - [32mINFO[0m - Carregando arquivo: data\PARCELAS_CONTARECEBER_DATACOMPETPARCELAS.json
2026-02-09 16:05:04,864 - main - [32mINFO[0m - Carregando diretÛrio: C:\Users\PedroMendes\Downloads\Teste2\GeradorRelatÛrio - Copia\backend\data
2026-02-09 16:24:46,306 - main - [32mINFO[0m - Carregando diret√≥rio: C:\Users\PedroMendes\Downloads\Teste2\GeradorRelat√≥rio - Copia\backend\data
2026-02-09 17:04:34,713 - main - [32mINFO[0m - Carregando diret√≥rio: C:\Users\PedroMendes\Downloads\Teste2\GeradorRelat√≥rio - Copia\backend\data
2026-02-10 09:40:49,147 - main - [32mINFO[0m - Carregando diret√≥rio: C:\Users\PedroMendes\Downloads\Teste2\GeradorRelat√≥rio - Copia\backend\data
2026-02-10 11:38:53,460 - main - [32mINFO[0m - Carregando diret√≥rio: C:\Users\PedroMendes\Downloads\Teste2\GeradorRelat√≥rio - Copia\backend\data
2026-02-11 09:46:45,195 - main - [32mINFO[0m - Carregando diret√≥rio: C:\Users\PedroMendes\Downloads\Teste2\GeradorRelat√≥rio - Copia\backend\data
2026-02-11 11:33:49,651 - main - [32mINFO[0m - Carregando diret√≥rio: C:\Users\PedroMendes\Downloads\Teste2\GeradorRelat√≥rio - Copia\backend\data
2026-02-11 11:50:10,327 - main - [32mINFO[0m - Carregando diret√≥rio: C:\Users\PedroMendes\Downloads\Teste2\GeradorRelat√≥rio - Copia\backend\data
2026-02-11 11:56:29,502 - main - [32mINFO[0m - Carregando diret√≥rio: C:\Users\PedroMendes\Downloads\Teste2\GeradorRelat√≥rio - Copia\backend\data
2026-02-11 12:35:07,140 - main - [32mINFO[0m - Carregando diret√≥rio: C:\Users\PedroMendes\Downloads\Teste2\GeradorRelat√≥rio - Copia\backend\data
2026-02-12 16:43:51,478 - main - [31mERROR[0m - Erro: Falha ao conectar no banco de dados
Traceback (most recent call last):
  File "C:\Users\PedroMendes\√Årea de Trabalho\Aplica√ß√µes\GeradorRelat√≥rio\backend\scripts\main.py", line 157, in main
    app = JSONMySQLApplication(app_config)
  File "C:\Users\PedroMendes\√Årea de Trabalho\Aplica√ß√µes\GeradorRelat√≥rio\backend\app\application.py", line 58, in __init__
    raise RuntimeError("Falha ao conectar no banco de dados")
RuntimeError: Falha ao conectar no banco de dados
2026-02-12 16:54:44,640 - main - [32mINFO[0m - Carregando diret√É¬≥rio: C:\Users\PedroMendes\√Årea de Trabalho\Aplica√ß√µes\GeradorRelat√≥rio\backend\data
2026-02-12 17:00:00,658 - main - [32mINFO[0m - Carregando diret√É¬≥rio: C:\Users\PedroMendes\√Årea de Trabalho\Aplica√ß√µes\GeradorRelat√≥rio\backend\data
2026-02-12 17:03:30,842 - main - [32mINFO[0m - Carregando diret√É¬≥rio: C:\Users\PedroMendes\√Årea de Trabalho\Aplica√ß√µes\GeradorRelat√≥rio\backend\data
2026-02-12 17:13:39,491 - main - [32mINFO[0m - Carregando diret√É¬≥rio: C:\Users\PedroMendes\√Årea de Trabalho\Aplica√ß√µes\GeradorRelat√≥rio\backend\data
2026-02-12 17:27:59,834 - main - [32mINFO[0m - Carregando diret√É¬≥rio: C:\Users\PedroMendes\√Årea de Trabalho\Aplica√ß√µes\GeradorRelat√≥rio\backend\data
2026-02-12 17:43:59,912 - main - [32mINFO[0m - Carregando diret√É¬≥rio: C:\Users\PedroMendes\√Årea de Trabalho\Aplica√ß√µes\GeradorRelat√≥rio\backend\data
2026-02-12 18:01:31,835 - main - [32mINFO[0m - Carregando diret√É¬≥rio: C:\Users\PedroMendes\√Årea de Trabalho\Aplica√ß√µes\GeradorRelat√≥rio\backend\data
2026-02-13 00:59:59,702 - main - [32mINFO[0m - Carregando diret√É¬≥rio: C:\Users\PedroMendes\√Årea de Trabalho\Aplica√ß√µes\GeradorRelat√≥rio\backend\data
2026-02-13 01:11:09,930 - main - [32mINFO[0m - Carregando diret√É¬≥rio: C:\Users\PedroMendes\√Årea de Trabalho\Aplica√ß√µes\GeradorRelat√≥rio\backend\data
2026-02-13 01:20:58,454 - main - [32mINFO[0m - Carregando diret√É¬≥rio: C:\Users\PedroMendes\√Årea de Trabalho\Aplica√ß√µes\GeradorRelat√≥rio\backend\data
2026-02-13 01:24:37,824 - main - [32mINFO[0m - Carregando diret√É¬≥rio: C:\Users\PedroMendes\√Årea de Trabalho\Aplica√ß√µes\GeradorRelat√≥rio\backend\data
2026-02-13 01:29:16,501 - main - [32mINFO[0m - Carregando diret√≥rio: backend\data
2026-02-13 01:29:16,504 - main - [31mERROR[0m - Nenhum arquivo encontrado: backend\data/*.json
2026-02-13 01:29:34,780 - main - [32mINFO[0m - Carregando diret√≥rio: C:\Users\PedroMendes\¡rea de Trabalho\AplicaÁıes\GeradorRelatÛrio\backend\data
2026-02-13 01:31:11,148 - main - [32mINFO[0m - Carregando arquivo: C:\Users\PedroMendes\¡rea de Trabalho\AplicaÁıes\GeradorRelatÛrio\backend\data\PARCELAS_CONTARECEBER_DATACOMPETPARCELAS.json
2026-02-13 01:32:08,125 - main - [31mERROR[0m - Erro: 'charmap' codec can't encode character '\u2713' in position 11: character maps to <undefined>
Traceback (most recent call last):
  File "C:\Users\PedroMendes\¡rea de Trabalho\AplicaÁıes\GeradorRelatÛrio\backend\scripts\main.py", line 175, in main
    print(f"Resultado: {result}")
    ~~~~~^^^^^^^^^^^^^^^^^^^^^^^^
  File "C:\Users\PedroMendes\AppData\Local\Python\pythoncore-3.14-64\Lib\encodings\cp1252.py", line 19, in encode
    return codecs.charmap_encode(input,self.errors,encoding_table)[0]
           ~~~~~~~~~~~~~~~~~~~~~^^^^^^^^^^^^^^^^^^^^^^^^^^^^^^^^^^
UnicodeEncodeError: 'charmap' codec can't encode character '\u2713' in position 11: character maps to <undefined>
2026-02-13 01:32:32,209 - main - [31mERROR[0m - Erro: 'charmap' codec can't encode character '\u2713' in position 5: character maps to <undefined>
Traceback (most recent call last):
  File "C:\Users\PedroMendes\¡rea de Trabalho\AplicaÁıes\GeradorRelatÛrio\backend\scripts\main.py", line 197, in main
    print(f"  {'OK' if result.success else 'ERRO'} {result}")
    ~~~~~^^^^^^^^^^^^^^^^^^^^^^^^^^^^^^^^^^^^^^^^^^^^^^^^^^^^
  File "C:\Users\PedroMendes\AppData\Local\Python\pythoncore-3.14-64\Lib\encodings\cp1252.py", line 19, in encode
    return codecs.charmap_encode(input,self.errors,encoding_table)[0]
           ~~~~~~~~~~~~~~~~~~~~~^^^^^^^^^^^^^^^^^^^^^^^^^^^^^^^^^^
UnicodeEncodeError: 'charmap' codec can't encode character '\u2713' in position 5: character maps to <undefined>
2026-02-13 01:33:59,948 - main - [32mINFO[0m - Carregando arquivo: C:\Users\PedroMendes\√Årea de Trabalho\Aplica√ß√µes\GeradorRelat√≥rio\backend\data\PARCELAS_CONTARECEBER_DATACOMPETPARCELAS.json
2026-02-13 01:34:32,786 - main - [32mINFO[0m - Carregando arquivo: C:\Users\PedroMendes\√Årea de Trabalho\Aplica√ß√µes\GeradorRelat√≥rio\backend\data\PARCELAS_CONTARECEBER_DATACOMPETPARCELAS.json
2026-02-13 01:35:54,093 - main - [32mINFO[0m - Carregando diret√É¬≥rio: C:\Users\PedroMendes\√Årea de Trabalho\Aplica√ß√µes\GeradorRelat√≥rio\backend\data
2026-02-13 01:46:11,659 - main - [32mINFO[0m - Carregando diret√É¬≥rio: C:\Users\PedroMendes\√Årea de Trabalho\Aplica√ß√µes\GeradorRelat√≥rio\backend\data
