2026-02-03 17:45:49,750 - rebuild_tables - [31mERROR[0m - Erro: (pymysql.err.OperationalError) (1118, 'Row size too large (> 8126). Changing some columns to TEXT or BLOB may help. In current row format, BLOB prefix of 0 bytes is stored inline.')
[SQL: 
CREATE TABLE parcelas_contareceber_datacompetparcelas (
	`companyId` BIGINT, 
	`companyName` TEXT, 
	`businessAreaId` BIGINT, 
	`businessAreaName` TEXT, 
	`projectId` FLOAT(53), 
	`projectName` TEXT, 
	`groupCompanyId` BIGINT, 
	`groupCompanyName` TEXT, 
	`holdingId` BIGINT, 
	`holdingName` TEXT, 
	`subsidiaryId` BIGINT, 
	`subsidiaryName` TEXT, 
	`businessTypeId` TEXT, 
	`businessTypeName` TEXT, 
	`clientId` BIGINT, 
	`clientName` TEXT, 
	`billId` BIGINT, 
	`installmentId` BIGINT, 
	`documentIdentificationId` TEXT, 
	`documentIdentificationName` TEXT, 
	`documentNumber` TEXT, 
	`documentForecast` TEXT, 
	`originId` TEXT, 
	`originalAmount` FLOAT(53), 
	`discountAmount` FLOAT(53), 
	`taxAmount` FLOAT(53), 
	`indexerId` BIGINT, 
	`indexerName` TEXT, 
	`dueDate` TEXT, 
	`issueDate` TEXT, 
	`billDate` TEXT, 
	`installmentBaseDate` TEXT, 
	`balanceAmount` FLOAT(53), 
	`correctedBalanceAmount` FLOAT(53), 
	`periodicityType` TEXT, 
	`embeddedInterestAmount` FLOAT(53), 
	`interestType` TEXT, 
	`interestRate` FLOAT(53), 
	`correctionType` TEXT, 
	`interestBaseDate` TEXT, 
	`defaulterSituation` TEXT, 
	`subJudicie` TEXT, 
	`mainUnit` TEXT, 
	`installmentNumber` TEXT, 
	`paymentTerm_id` TEXT, 
	`paymentTerm_descrition` TEXT, 
	receipts_count BIGINT, 
	receipts TEXT, 
	`receiptsCategories_count` BIGINT, 
	`receiptsCategories` TEXT, 
	`receiptsCategories_0_costCenterId` BIGINT, 
	`receiptsCategories_0_projectId` FLOAT(53), 
	`receiptsCategories_0_businessTypeId` TEXT, 
	`receiptsCategories_0_businessAreaId` BIGINT, 
	`receiptsCategories_0_costCenterName` TEXT, 
	`receiptsCategories_0_financialCategoryId` TEXT, 
	`receiptsCategories_0_financialCategoryName` TEXT, 
	`receiptsCategories_0_projectName` TEXT, 
	`receiptsCategories_0_businessTypeName` TEXT, 
	`receiptsCategories_0_businessAreaName` TEXT, 
	`receiptsCategories_0_financialCategoryReducer` TEXT, 
	`receiptsCategories_0_financialCategoryType` TEXT, 
	`receiptsCategories_0_financialCategoryRate` FLOAT(53), 
	`receiptsCategories_1_costCenterId` FLOAT(53), 
	`receiptsCategories_1_projectId` FLOAT(53), 
	`receiptsCategories_1_businessTypeId` FLOAT(53), 
	`receiptsCategories_1_businessAreaId` FLOAT(53), 
	`receiptsCategories_1_costCenterName` TEXT, 
	`receiptsCategories_1_financialCategoryId` TEXT, 
	`receiptsCategories_1_financialCategoryName` TEXT, 
	`receiptsCategories_1_projectName` TEXT, 
	`receiptsCategories_1_businessTypeName` FLOAT(53), 
	`receiptsCategories_1_businessAreaName` TEXT, 
	`receiptsCategories_1_financialCategoryReducer` TEXT, 
	`receiptsCategories_1_financialCategoryType` TEXT, 
	`receiptsCategories_1_financialCategoryRate` FLOAT(53), 
	`receiptsCategories_2_costCenterId` FLOAT(53), 
	`receiptsCategories_2_projectId` FLOAT(53), 
	`receiptsCategories_2_businessTypeId` FLOAT(53), 
	`receiptsCategories_2_businessAreaId` FLOAT(53), 
	`receiptsCategories_2_costCenterName` TEXT, 
	`receiptsCategories_2_financialCategoryId` TEXT, 
	`receiptsCategories_2_financialCategoryName` TEXT, 
	`receiptsCategories_2_projectName` TEXT, 
	`receiptsCategories_2_businessTypeName` FLOAT(53), 
	`receiptsCategories_2_businessAreaName` TEXT, 
	`receiptsCategories_2_financialCategoryReducer` TEXT, 
	`receiptsCategories_2_financialCategoryType` TEXT, 
	`receiptsCategories_2_financialCategoryRate` FLOAT(53), 
	`bearerId` BIGINT, 
	`receiptsCategories_3_costCenterId` FLOAT(53), 
	`receiptsCategories_3_projectId` FLOAT(53), 
	`receiptsCategories_3_businessTypeId` FLOAT(53), 
	`receiptsCategories_3_businessAreaId` FLOAT(53), 
	`receiptsCategories_3_costCenterName` TEXT, 
	`receiptsCategories_3_financialCategoryId` TEXT, 
	`receiptsCategories_3_financialCategoryName` TEXT, 
	`receiptsCategories_3_projectName` TEXT, 
	`receiptsCategories_3_businessTypeName` FLOAT(53), 
	`receiptsCategories_3_businessAreaName` TEXT, 
	`receiptsCategories_3_financialCategoryReducer` TEXT, 
	`receiptsCategories_3_financialCategoryType` TEXT, 
	`receiptsCategories_3_financialCategoryRate` FLOAT(53), 
	`receiptsCategories_4_costCenterId` FLOAT(53), 
	`receiptsCategories_4_projectId` FLOAT(53), 
	`receiptsCategories_4_businessTypeId` FLOAT(53), 
	`receiptsCategories_4_businessAreaId` FLOAT(53), 
	`receiptsCategories_4_costCenterName` TEXT, 
	`receiptsCategories_4_financialCategoryId` TEXT, 
	`receiptsCategories_4_financialCategoryName` TEXT, 
	`receiptsCategories_4_projectName` TEXT, 
	`receiptsCategories_4_businessTypeName` FLOAT(53), 
	`receiptsCategories_4_businessAreaName` TEXT, 
	`receiptsCategories_4_financialCategoryReducer` TEXT, 
	`receiptsCategories_4_financialCategoryType` TEXT, 
	`receiptsCategories_4_financialCategoryRate` FLOAT(53), 
	`receiptsCategories_5_costCenterId` FLOAT(53), 
	`receiptsCategories_5_projectId` FLOAT(53), 
	`receiptsCategories_5_businessTypeId` FLOAT(53), 
	`receiptsCategories_5_businessAreaId` FLOAT(53), 
	`receiptsCategories_5_costCenterName` TEXT, 
	`receiptsCategories_5_financialCategoryId` TEXT, 
	`receiptsCategories_5_financialCategoryName` TEXT, 
	`receiptsCategories_5_projectName` TEXT, 
	`receiptsCategories_5_businessTypeName` FLOAT(53), 
	`receiptsCategories_5_businessAreaName` TEXT, 
	`receiptsCategories_5_financialCategoryReducer` TEXT, 
	`receiptsCategories_5_financialCategoryType` TEXT, 
	`receiptsCategories_5_financialCategoryRate` FLOAT(53), 
	`receiptsCategories_6_costCenterId` FLOAT(53), 
	`receiptsCategories_6_projectId` FLOAT(53), 
	`receiptsCategories_6_businessTypeId` FLOAT(53), 
	`receiptsCategories_6_businessAreaId` FLOAT(53), 
	`receiptsCategories_6_costCenterName` TEXT, 
	`receiptsCategories_6_financialCategoryId` TEXT, 
	`receiptsCategories_6_financialCategoryName` TEXT, 
	`receiptsCategories_6_projectName` TEXT, 
	`receiptsCategories_6_businessTypeName` FLOAT(53), 
	`receiptsCategories_6_businessAreaName` TEXT, 
	`receiptsCategories_6_financialCategoryReducer` TEXT, 
	`receiptsCategories_6_financialCategoryType` TEXT, 
	`receiptsCategories_6_financialCategoryRate` FLOAT(53), 
	`receiptsCategories_7_costCenterId` FLOAT(53), 
	`receiptsCategories_7_projectId` FLOAT(53), 
	`receiptsCategories_7_businessTypeId` FLOAT(53), 
	`receiptsCategories_7_businessAreaId` FLOAT(53), 
	`receiptsCategories_7_costCenterName` TEXT, 
	`receiptsCategories_7_financialCategoryId` TEXT, 
	`receiptsCategories_7_financialCategoryName` TEXT, 
	`receiptsCategories_7_projectName` TEXT, 
	`receiptsCategories_7_businessTypeName` FLOAT(53), 
	`receiptsCategories_7_businessAreaName` TEXT, 
	`receiptsCategories_7_financialCategoryReducer` TEXT, 
	`receiptsCategories_7_financialCategoryType` TEXT, 
	`receiptsCategories_7_financialCategoryRate` FLOAT(53), 
	`receipts_first_operationTypeId` FLOAT(53), 
	`receipts_first_operationTypeName` TEXT, 
	`receipts_first_grossAmount` FLOAT(53), 
	`receipts_first_monetaryCorrectionAmount` FLOAT(53), 
	`receipts_first_interestAmount` FLOAT(53), 
	`receipts_first_fineAmount` FLOAT(53), 
	`receipts_first_discountAmount` FLOAT(53), 
	`receipts_first_taxAmount` FLOAT(53), 
	`receipts_first_netAmount` FLOAT(53), 
	`receipts_first_additionAmount` FLOAT(53), 
	`receipts_first_insuranceAmount` FLOAT(53), 
	`receipts_first_dueAdmAmount` FLOAT(53), 
	`receipts_first_calculationDate` TEXT, 
	`receipts_first_paymentDate` TEXT, 
	`receipts_first_accountCompanyId` FLOAT(53), 
	`receipts_first_accountNumber` TEXT, 
	`receipts_first_accountType` TEXT, 
	`receipts_first_sequencialNumber` FLOAT(53), 
	`receipts_first_indexerId` FLOAT(53), 
	`receipts_first_embeddedInterestAmount` FLOAT(53), 
	`receipts_first_creditDate` FLOAT(53), 
	`receipts_first_proRata` FLOAT(53), 
	`receipts_first_bankMovements` TEXT, 
	`receiptsCategories_8_costCenterId` FLOAT(53), 
	`receiptsCategories_8_projectId` FLOAT(53), 
	`receiptsCategories_8_businessTypeId` FLOAT(53), 
	`receiptsCategories_8_businessAreaId` FLOAT(53), 
	`receiptsCategories_8_costCenterName` TEXT, 
	`receiptsCategories_8_financialCategoryId` TEXT, 
	`receiptsCategories_8_financialCategoryName` TEXT, 
	`receiptsCategories_8_projectName` TEXT, 
	`receiptsCategories_8_businessTypeName` FLOAT(53), 
	`receiptsCategories_8_businessAreaName` TEXT, 
	`receiptsCategories_8_financialCategoryReducer` TEXT, 
	`receiptsCategories_8_financialCategoryType` TEXT, 
	`receiptsCategories_8_financialCategoryRate` FLOAT(53), 
	`receiptsCategories_9_costCenterId` FLOAT(53), 
	`receiptsCategories_9_projectId` FLOAT(53), 
	`receiptsCategories_9_businessTypeId` FLOAT(53), 
	`receiptsCategories_9_businessAreaId` FLOAT(53), 
	`receiptsCategories_9_costCenterName` TEXT, 
	`receiptsCategories_9_financialCategoryId` TEXT, 
	`receiptsCategories_9_financialCategoryName` TEXT, 
	`receiptsCategories_9_projectName` TEXT, 
	`receiptsCategories_9_businessTypeName` FLOAT(53), 
	`receiptsCategories_9_businessAreaName` TEXT, 
	`receiptsCategories_9_financialCategoryReducer` TEXT, 
	`receiptsCategories_9_financialCategoryType` TEXT, 
	`receiptsCategories_9_financialCategoryRate` FLOAT(53), 
	`receiptsCategories_10_costCenterId` FLOAT(53), 
	`receiptsCategories_10_projectId` FLOAT(53), 
	`receiptsCategories_10_businessTypeId` FLOAT(53), 
	`receiptsCategories_10_businessAreaId` FLOAT(53), 
	`receiptsCategories_10_costCenterName` TEXT, 
	`receiptsCategories_10_financialCategoryId` TEXT, 
	`receiptsCategories_10_financialCategoryName` TEXT, 
	`receiptsCategories_10_projectName` TEXT, 
	`receiptsCategories_10_businessTypeName` FLOAT(53), 
	`receiptsCategories_10_businessAreaName` TEXT, 
	`receiptsCategories_10_financialCategoryReducer` TEXT, 
	`receiptsCategories_10_financialCategoryType` TEXT, 
	`receiptsCategories_10_financialCategoryRate` FLOAT(53), 
	`receiptsCategories_11_costCenterId` FLOAT(53), 
	`receiptsCategories_11_projectId` FLOAT(53), 
	`receiptsCategories_11_businessTypeId` FLOAT(53), 
	`receiptsCategories_11_businessAreaId` FLOAT(53), 
	`receiptsCategories_11_costCenterName` TEXT, 
	`receiptsCategories_11_financialCategoryId` TEXT, 
	`receiptsCategories_11_financialCategoryName` TEXT, 
	`receiptsCategories_11_projectName` TEXT, 
	`receiptsCategories_11_businessTypeName` FLOAT(53), 
	`receiptsCategories_11_businessAreaName` TEXT, 
	`receiptsCategories_11_financialCategoryReducer` TEXT, 
	`receiptsCategories_11_financialCategoryType` TEXT, 
	`receiptsCategories_11_financialCategoryRate` FLOAT(53), 
	`receiptsCategories_12_costCenterId` FLOAT(53), 
	`receiptsCategories_12_projectId` FLOAT(53), 
	`receiptsCategories_12_businessTypeId` FLOAT(53), 
	`receiptsCategories_12_businessAreaId` FLOAT(53), 
	`receiptsCategories_12_costCenterName` TEXT, 
	`receiptsCategories_12_financialCategoryId` TEXT, 
	`receiptsCategories_12_financialCategoryName` TEXT, 
	`receiptsCategories_12_projectName` TEXT, 
	`receiptsCategories_12_businessTypeName` FLOAT(53), 
	`receiptsCategories_12_businessAreaName` TEXT, 
	`receiptsCategories_12_financialCategoryReducer` TEXT, 
	`receiptsCategories_12_financialCategoryType` TEXT, 
	`receiptsCategories_12_financialCategoryRate` FLOAT(53), 
	`receiptsCategories_13_costCenterId` FLOAT(53), 
	`receiptsCategories_13_projectId` FLOAT(53), 
	`receiptsCategories_13_businessTypeId` FLOAT(53), 
	`receiptsCategories_13_businessAreaId` FLOAT(53), 
	`receiptsCategories_13_costCenterName` TEXT, 
	`receiptsCategories_13_financialCategoryId` TEXT, 
	`receiptsCategories_13_financialCategoryName` TEXT, 
	`receiptsCategories_13_projectName` TEXT, 
	`receiptsCategories_13_businessTypeName` FLOAT(53), 
	`receiptsCategories_13_businessAreaName` TEXT, 
	`receiptsCategories_13_financialCategoryReducer` TEXT, 
	`receiptsCategories_13_financialCategoryType` TEXT, 
	`receiptsCategories_13_financialCategoryRate` FLOAT(53), 
	`receiptsCategories_14_costCenterId` FLOAT(53), 
	`receiptsCategories_14_projectId` FLOAT(53), 
	`receiptsCategories_14_businessTypeId` FLOAT(53), 
	`receiptsCategories_14_businessAreaId` FLOAT(53), 
	`receiptsCategories_14_costCenterName` TEXT, 
	`receiptsCategories_14_financialCategoryId` TEXT, 
	`receiptsCategories_14_financialCategoryName` TEXT, 
	`receiptsCategories_14_projectName` TEXT, 
	`receiptsCategories_14_businessTypeName` FLOAT(53), 
	`receiptsCategories_14_businessAreaName` TEXT, 
	`receiptsCategories_14_financialCategoryReducer` TEXT, 
	`receiptsCategories_14_financialCategoryType` TEXT, 
	`receiptsCategories_14_financialCategoryRate` FLOAT(53), 
	`receiptsCategories_15_costCenterId` FLOAT(53), 
	`receiptsCategories_15_projectId` FLOAT(53), 
	`receiptsCategories_15_businessTypeId` FLOAT(53), 
	`receiptsCategories_15_businessAreaId` FLOAT(53), 
	`receiptsCategories_15_costCenterName` TEXT, 
	`receiptsCategories_15_financialCategoryId` TEXT, 
	`receiptsCategories_15_financialCategoryName` TEXT, 
	`receiptsCategories_15_projectName` TEXT, 
	`receiptsCategories_15_businessTypeName` FLOAT(53), 
	`receiptsCategories_15_businessAreaName` TEXT, 
	`receiptsCategories_15_financialCategoryReducer` TEXT, 
	`receiptsCategories_15_financialCategoryType` TEXT, 
	`receiptsCategories_15_financialCategoryRate` FLOAT(53), 
	`receiptsCategories_16_costCenterId` FLOAT(53), 
	`receiptsCategories_16_projectId` FLOAT(53), 
	`receiptsCategories_16_businessTypeId` FLOAT(53), 
	`receiptsCategories_16_businessAreaId` FLOAT(53), 
	`receiptsCategories_16_costCenterName` TEXT, 
	`receiptsCategories_16_financialCategoryId` TEXT, 
	`receiptsCategories_16_financialCategoryName` TEXT, 
	`receiptsCategories_16_projectName` TEXT, 
	`receiptsCategories_16_businessTypeName` FLOAT(53), 
	`receiptsCategories_16_businessAreaName` TEXT, 
	`receiptsCategories_16_financialCategoryReducer` TEXT, 
	`receiptsCategories_16_financialCategoryType` TEXT, 
	`receiptsCategories_16_financialCategoryRate` FLOAT(53), 
	`receiptsCategories_17_costCenterId` FLOAT(53), 
	`receiptsCategories_17_projectId` FLOAT(53), 
	`receiptsCategories_17_businessTypeId` FLOAT(53), 
	`receiptsCategories_17_businessAreaId` FLOAT(53), 
	`receiptsCategories_17_costCenterName` TEXT, 
	`receiptsCategories_17_financialCategoryId` TEXT, 
	`receiptsCategories_17_financialCategoryName` TEXT, 
	`receiptsCategories_17_projectName` TEXT, 
	`receiptsCategories_17_businessTypeName` FLOAT(53), 
	`receiptsCategories_17_businessAreaName` TEXT, 
	`receiptsCategories_17_financialCategoryReducer` TEXT, 
	`receiptsCategories_17_financialCategoryType` TEXT, 
	`receiptsCategories_17_financialCategoryRate` FLOAT(53), 
	`receiptsCategories_18_costCenterId` FLOAT(53), 
	`receiptsCategories_18_projectId` FLOAT(53), 
	`receiptsCategories_18_businessTypeId` FLOAT(53), 
	`receiptsCategories_18_businessAreaId` FLOAT(53), 
	`receiptsCategories_18_costCenterName` TEXT, 
	`receiptsCategories_18_financialCategoryId` TEXT, 
	`receiptsCategories_18_financialCategoryName` TEXT, 
	`receiptsCategories_18_projectName` TEXT, 
	`receiptsCategories_18_businessTypeName` FLOAT(53), 
	`receiptsCategories_18_businessAreaName` TEXT, 
	`receiptsCategories_18_financialCategoryReducer` TEXT, 
	`receiptsCategories_18_financialCategoryType` TEXT, 
	`receiptsCategories_18_financialCategoryRate` FLOAT(53), 
	`receiptsCategories_19_costCenterId` FLOAT(53), 
	`receiptsCategories_19_projectId` FLOAT(53), 
	`receiptsCategories_19_businessTypeId` FLOAT(53), 
	`receiptsCategories_19_businessAreaId` FLOAT(53), 
	`receiptsCategories_19_costCenterName` TEXT, 
	`receiptsCategories_19_financialCategoryId` TEXT, 
	`receiptsCategories_19_financialCategoryName` TEXT, 
	`receiptsCategories_19_projectName` TEXT, 
	`receiptsCategories_19_businessTypeName` FLOAT(53), 
	`receiptsCategories_19_businessAreaName` TEXT, 
	`receiptsCategories_19_financialCategoryReducer` TEXT, 
	`receiptsCategories_19_financialCategoryType` TEXT, 
	`receiptsCategories_19_financialCategoryRate` FLOAT(53), 
	`receiptsCategories_20_costCenterId` FLOAT(53), 
	`receiptsCategories_20_projectId` FLOAT(53), 
	`receiptsCategories_20_businessTypeId` FLOAT(53), 
	`receiptsCategories_20_businessAreaId` FLOAT(53), 
	`receiptsCategories_20_costCenterName` TEXT, 
	`receiptsCategories_20_financialCategoryId` TEXT, 
	`receiptsCategories_20_financialCategoryName` TEXT, 
	`receiptsCategories_20_projectName` TEXT, 
	`receiptsCategories_20_businessTypeName` FLOAT(53), 
	`receiptsCategories_20_businessAreaName` TEXT, 
	`receiptsCategories_20_financialCategoryReducer` TEXT, 
	`receiptsCategories_20_financialCategoryType` TEXT, 
	`receiptsCategories_20_financialCategoryRate` FLOAT(53), 
	`receiptsCategories_21_costCenterId` FLOAT(53), 
	`receiptsCategories_21_projectId` FLOAT(53), 
	`receiptsCategories_21_businessTypeId` FLOAT(53), 
	`receiptsCategories_21_businessAreaId` FLOAT(53), 
	`receiptsCategories_21_costCenterName` TEXT, 
	`receiptsCategories_21_financialCategoryId` TEXT, 
	`receiptsCategories_21_financialCategoryName` TEXT, 
	`receiptsCategories_21_projectName` TEXT, 
	`receiptsCategories_21_businessTypeName` FLOAT(53), 
	`receiptsCategories_21_businessAreaName` TEXT, 
	`receiptsCategories_21_financialCategoryReducer` TEXT, 
	`receiptsCategories_21_financialCategoryType` TEXT, 
	`receiptsCategories_21_financialCategoryRate` FLOAT(53), 
	`receiptsCategories_22_costCenterId` FLOAT(53), 
	`receiptsCategories_22_projectId` FLOAT(53), 
	`receiptsCategories_22_businessTypeId` FLOAT(53), 
	`receiptsCategories_22_businessAreaId` FLOAT(53), 
	`receiptsCategories_22_costCenterName` TEXT, 
	`receiptsCategories_22_financialCategoryId` TEXT, 
	`receiptsCategories_22_financialCategoryName` TEXT, 
	`receiptsCategories_22_projectName` TEXT, 
	`receiptsCategories_22_businessTypeName` FLOAT(53), 
	`receiptsCategories_22_businessAreaName` TEXT, 
	`receiptsCategories_22_financialCategoryReducer` TEXT, 
	`receiptsCategories_22_financialCategoryType` TEXT, 
	`receiptsCategories_22_financialCategoryRate` FLOAT(53), 
	`receiptsCategories_23_costCenterId` FLOAT(53), 
	`receiptsCategories_23_projectId` FLOAT(53), 
	`receiptsCategories_23_businessTypeId` FLOAT(53), 
	`receiptsCategories_23_businessAreaId` FLOAT(53), 
	`receiptsCategories_23_costCenterName` TEXT, 
	`receiptsCategories_23_financialCategoryId` TEXT, 
	`receiptsCategories_23_financialCategoryName` TEXT, 
	`receiptsCategories_23_projectName` TEXT, 
	`receiptsCategories_23_businessTypeName` FLOAT(53), 
	`receiptsCategories_23_businessAreaName` TEXT, 
	`receiptsCategories_23_financialCategoryReducer` TEXT, 
	`receiptsCategories_23_financialCategoryType` TEXT, 
	`receiptsCategories_23_financialCategoryRate` FLOAT(53), 
	`receiptsCategories_24_costCenterId` FLOAT(53), 
	`receiptsCategories_24_projectId` FLOAT(53), 
	`receiptsCategories_24_businessTypeId` FLOAT(53), 
	`receiptsCategories_24_businessAreaId` FLOAT(53), 
	`receiptsCategories_24_costCenterName` TEXT, 
	`receiptsCategories_24_financialCategoryId` TEXT, 
	`receiptsCategories_24_financialCategoryName` TEXT, 
	`receiptsCategories_24_projectName` TEXT, 
	`receiptsCategories_24_businessTypeName` FLOAT(53), 
	`receiptsCategories_24_businessAreaName` TEXT, 
	`receiptsCategories_24_financialCategoryReducer` TEXT, 
	`receiptsCategories_24_financialCategoryType` TEXT, 
	`receiptsCategories_24_financialCategoryRate` FLOAT(53), 
	`receiptsCategories_25_costCenterId` FLOAT(53), 
	`receiptsCategories_25_projectId` FLOAT(53), 
	`receiptsCategories_25_businessTypeId` FLOAT(53), 
	`receiptsCategories_25_businessAreaId` FLOAT(53), 
	`receiptsCategories_25_costCenterName` TEXT, 
	`receiptsCategories_25_financialCategoryId` TEXT, 
	`receiptsCategories_25_financialCategoryName` TEXT, 
	`receiptsCategories_25_projectName` TEXT, 
	`receiptsCategories_25_businessTypeName` FLOAT(53), 
	`receiptsCategories_25_businessAreaName` TEXT, 
	`receiptsCategories_25_financialCategoryReducer` TEXT, 
	`receiptsCategories_25_financialCategoryType` TEXT, 
	`receiptsCategories_25_financialCategoryRate` FLOAT(53), 
	`receiptsCategories_26_costCenterId` FLOAT(53), 
	`receiptsCategories_26_projectId` FLOAT(53), 
	`receiptsCategories_26_businessTypeId` FLOAT(53), 
	`receiptsCategories_26_businessAreaId` FLOAT(53), 
	`receiptsCategories_26_costCenterName` TEXT, 
	`receiptsCategories_26_financialCategoryId` TEXT, 
	`receiptsCategories_26_financialCategoryName` TEXT, 
	`receiptsCategories_26_projectName` TEXT, 
	`receiptsCategories_26_businessTypeName` FLOAT(53), 
	`receiptsCategories_26_businessAreaName` TEXT, 
	`receiptsCategories_26_financialCategoryReducer` TEXT, 
	`receiptsCategories_26_financialCategoryType` TEXT, 
	`receiptsCategories_26_financialCategoryRate` FLOAT(53)
)

]
(Background on this error at: https://sqlalche.me/e/20/e3q8)
Traceback (most recent call last):
  File "C:\Users\PedroMendes\OneDrive - SMART COMPASS\Documentos\Aplicações\JSON para SQL em Python\.venv\Lib\site-packages\sqlalchemy\engine\base.py", line 1967, in _exec_single_context
    self.dialect.do_execute(
    ~~~~~~~~~~~~~~~~~~~~~~~^
        cursor, str_statement, effective_parameters, context
        ^^^^^^^^^^^^^^^^^^^^^^^^^^^^^^^^^^^^^^^^^^^^^^^^^^^^
    )
    ^
  File "C:\Users\PedroMendes\OneDrive - SMART COMPASS\Documentos\Aplicações\JSON para SQL em Python\.venv\Lib\site-packages\sqlalchemy\engine\default.py", line 952, in do_execute
    cursor.execute(statement, parameters)
    ~~~~~~~~~~~~~~^^^^^^^^^^^^^^^^^^^^^^^
  File "C:\Users\PedroMendes\OneDrive - SMART COMPASS\Documentos\Aplicações\JSON para SQL em Python\.venv\Lib\site-packages\pymysql\cursors.py", line 153, in execute
    result = self._query(query)
  File "C:\Users\PedroMendes\OneDrive - SMART COMPASS\Documentos\Aplicações\JSON para SQL em Python\.venv\Lib\site-packages\pymysql\cursors.py", line 322, in _query
    conn.query(q)
    ~~~~~~~~~~^^^
  File "C:\Users\PedroMendes\OneDrive - SMART COMPASS\Documentos\Aplicações\JSON para SQL em Python\.venv\Lib\site-packages\pymysql\connections.py", line 575, in query
    self._affected_rows = self._read_query_result(unbuffered=unbuffered)
                          ~~~~~~~~~~~~~~~~~~~~~~~^^^^^^^^^^^^^^^^^^^^^^^
  File "C:\Users\PedroMendes\OneDrive - SMART COMPASS\Documentos\Aplicações\JSON para SQL em Python\.venv\Lib\site-packages\pymysql\connections.py", line 826, in _read_query_result
    result.read()
    ~~~~~~~~~~~^^
  File "C:\Users\PedroMendes\OneDrive - SMART COMPASS\Documentos\Aplicações\JSON para SQL em Python\.venv\Lib\site-packages\pymysql\connections.py", line 1203, in read
    first_packet = self.connection._read_packet()
  File "C:\Users\PedroMendes\OneDrive - SMART COMPASS\Documentos\Aplicações\JSON para SQL em Python\.venv\Lib\site-packages\pymysql\connections.py", line 782, in _read_packet
    packet.raise_for_error()
    ~~~~~~~~~~~~~~~~~~~~~~^^
  File "C:\Users\PedroMendes\OneDrive - SMART COMPASS\Documentos\Aplicações\JSON para SQL em Python\.venv\Lib\site-packages\pymysql\protocol.py", line 219, in raise_for_error
    err.raise_mysql_exception(self._data)
    ~~~~~~~~~~~~~~~~~~~~~~~~~^^^^^^^^^^^^
  File "C:\Users\PedroMendes\OneDrive - SMART COMPASS\Documentos\Aplicações\JSON para SQL em Python\.venv\Lib\site-packages\pymysql\err.py", line 150, in raise_mysql_exception
    raise errorclass(errno, errval)
pymysql.err.OperationalError: (1118, 'Row size too large (> 8126). Changing some columns to TEXT or BLOB may help. In current row format, BLOB prefix of 0 bytes is stored inline.')

The above exception was the direct cause of the following exception:

Traceback (most recent call last):
  File "C:\Users\PedroMendes\OneDrive - SMART COMPASS\Documentos\Aplicações\JSON para SQL em Python\scripts\rebuild_tables_correct_denorm.py", line 149, in main
    rebuild_table_from_json(file_path, table_name)
    ~~~~~~~~~~~~~~~~~~~~~~~^^^^^^^^^^^^^^^^^^^^^^^
  File "C:\Users\PedroMendes\OneDrive - SMART COMPASS\Documentos\Aplicações\JSON para SQL em Python\scripts\rebuild_tables_correct_denorm.py", line 114, in rebuild_table_from_json
    df.to_sql(table_name, conn, if_exists='replace', index=False)
    ~~~~~~~~~^^^^^^^^^^^^^^^^^^^^^^^^^^^^^^^^^^^^^^^^^^^^^^^^^^^^
  File "C:\Users\PedroMendes\OneDrive - SMART COMPASS\Documentos\Aplicações\JSON para SQL em Python\.venv\Lib\site-packages\pandas\core\generic.py", line 3052, in to_sql
    return sql.to_sql(
           ~~~~~~~~~~^
        self,
        ^^^^^
    ...<8 lines>...
        method=method,
        ^^^^^^^^^^^^^^
    )
    ^
  File "C:\Users\PedroMendes\OneDrive - SMART COMPASS\Documentos\Aplicações\JSON para SQL em Python\.venv\Lib\site-packages\pandas\io\sql.py", line 841, in to_sql
    return pandas_sql.to_sql(
           ~~~~~~~~~~~~~~~~~^
        frame,
        ^^^^^^
    ...<9 lines>...
        **engine_kwargs,
        ^^^^^^^^^^^^^^^^
    )
    ^
  File "C:\Users\PedroMendes\OneDrive - SMART COMPASS\Documentos\Aplicações\JSON para SQL em Python\.venv\Lib\site-packages\pandas\io\sql.py", line 2027, in to_sql
    table = self.prep_table(
        frame=frame,
    ...<5 lines>...
        dtype=dtype,
    )
  File "C:\Users\PedroMendes\OneDrive - SMART COMPASS\Documentos\Aplicações\JSON para SQL em Python\.venv\Lib\site-packages\pandas\io\sql.py", line 1932, in prep_table
    table.create()
    ~~~~~~~~~~~~^^
  File "C:\Users\PedroMendes\OneDrive - SMART COMPASS\Documentos\Aplicações\JSON para SQL em Python\.venv\Lib\site-packages\pandas\io\sql.py", line 999, in create
    self._execute_create()
    ~~~~~~~~~~~~~~~~~~~~^^
  File "C:\Users\PedroMendes\OneDrive - SMART COMPASS\Documentos\Aplicações\JSON para SQL em Python\.venv\Lib\site-packages\pandas\io\sql.py", line 983, in _execute_create
    self.table.create(bind=self.pd_sql.con)
    ~~~~~~~~~~~~~~~~~^^^^^^^^^^^^^^^^^^^^^^
  File "C:\Users\PedroMendes\OneDrive - SMART COMPASS\Documentos\Aplicações\JSON para SQL em Python\.venv\Lib\site-packages\sqlalchemy\sql\schema.py", line 1288, in create
    bind._run_ddl_visitor(ddl.SchemaGenerator, self, checkfirst=checkfirst)
    ~~~~~~~~~~~~~~~~~~~~~^^^^^^^^^^^^^^^^^^^^^^^^^^^^^^^^^^^^^^^^^^^^^^^^^^
  File "C:\Users\PedroMendes\OneDrive - SMART COMPASS\Documentos\Aplicações\JSON para SQL em Python\.venv\Lib\site-packages\sqlalchemy\engine\base.py", line 2467, in _run_ddl_visitor
    ).traverse_single(element)
      ~~~~~~~~~~~~~~~^^^^^^^^^
  File "C:\Users\PedroMendes\OneDrive - SMART COMPASS\Documentos\Aplicações\JSON para SQL em Python\.venv\Lib\site-packages\sqlalchemy\sql\visitors.py", line 661, in traverse_single
    return meth(obj, **kw)
  File "C:\Users\PedroMendes\OneDrive - SMART COMPASS\Documentos\Aplicações\JSON para SQL em Python\.venv\Lib\site-packages\sqlalchemy\sql\ddl.py", line 1022, in visit_table
    )._invoke_with(self.connection)
      ~~~~~~~~~~~~^^^^^^^^^^^^^^^^^
  File "C:\Users\PedroMendes\OneDrive - SMART COMPASS\Documentos\Aplicações\JSON para SQL em Python\.venv\Lib\site-packages\sqlalchemy\sql\ddl.py", line 321, in _invoke_with
    return bind.execute(self)
           ~~~~~~~~~~~~^^^^^^
  File "C:\Users\PedroMendes\OneDrive - SMART COMPASS\Documentos\Aplicações\JSON para SQL em Python\.venv\Lib\site-packages\sqlalchemy\engine\base.py", line 1419, in execute
    return meth(
        self,
        distilled_parameters,
        execution_options or NO_OPTIONS,
    )
  File "C:\Users\PedroMendes\OneDrive - SMART COMPASS\Documentos\Aplicações\JSON para SQL em Python\.venv\Lib\site-packages\sqlalchemy\sql\ddl.py", line 187, in _execute_on_connection
    return connection._execute_ddl(
           ~~~~~~~~~~~~~~~~~~~~~~~^
        self, distilled_params, execution_options
        ^^^^^^^^^^^^^^^^^^^^^^^^^^^^^^^^^^^^^^^^^
    )
    ^
  File "C:\Users\PedroMendes\OneDrive - SMART COMPASS\Documentos\Aplicações\JSON para SQL em Python\.venv\Lib\site-packages\sqlalchemy\engine\base.py", line 1530, in _execute_ddl
    ret = self._execute_context(
        dialect,
    ...<4 lines>...
        compiled,
    )
  File "C:\Users\PedroMendes\OneDrive - SMART COMPASS\Documentos\Aplicações\JSON para SQL em Python\.venv\Lib\site-packages\sqlalchemy\engine\base.py", line 1846, in _execute_context
    return self._exec_single_context(
           ~~~~~~~~~~~~~~~~~~~~~~~~~^
        dialect, context, statement, parameters
        ^^^^^^^^^^^^^^^^^^^^^^^^^^^^^^^^^^^^^^^
    )
    ^
  File "C:\Users\PedroMendes\OneDrive - SMART COMPASS\Documentos\Aplicações\JSON para SQL em Python\.venv\Lib\site-packages\sqlalchemy\engine\base.py", line 1986, in _exec_single_context
    self._handle_dbapi_exception(
    ~~~~~~~~~~~~~~~~~~~~~~~~~~~~^
        e, str_statement, effective_parameters, cursor, context
        ^^^^^^^^^^^^^^^^^^^^^^^^^^^^^^^^^^^^^^^^^^^^^^^^^^^^^^^
    )
    ^
  File "C:\Users\PedroMendes\OneDrive - SMART COMPASS\Documentos\Aplicações\JSON para SQL em Python\.venv\Lib\site-packages\sqlalchemy\engine\base.py", line 2363, in _handle_dbapi_exception
    raise sqlalchemy_exception.with_traceback(exc_info[2]) from e
  File "C:\Users\PedroMendes\OneDrive - SMART COMPASS\Documentos\Aplicações\JSON para SQL em Python\.venv\Lib\site-packages\sqlalchemy\engine\base.py", line 1967, in _exec_single_context
    self.dialect.do_execute(
    ~~~~~~~~~~~~~~~~~~~~~~~^
        cursor, str_statement, effective_parameters, context
        ^^^^^^^^^^^^^^^^^^^^^^^^^^^^^^^^^^^^^^^^^^^^^^^^^^^^
    )
    ^
  File "C:\Users\PedroMendes\OneDrive - SMART COMPASS\Documentos\Aplicações\JSON para SQL em Python\.venv\Lib\site-packages\sqlalchemy\engine\default.py", line 952, in do_execute
    cursor.execute(statement, parameters)
    ~~~~~~~~~~~~~~^^^^^^^^^^^^^^^^^^^^^^^
  File "C:\Users\PedroMendes\OneDrive - SMART COMPASS\Documentos\Aplicações\JSON para SQL em Python\.venv\Lib\site-packages\pymysql\cursors.py", line 153, in execute
    result = self._query(query)
  File "C:\Users\PedroMendes\OneDrive - SMART COMPASS\Documentos\Aplicações\JSON para SQL em Python\.venv\Lib\site-packages\pymysql\cursors.py", line 322, in _query
    conn.query(q)
    ~~~~~~~~~~^^^
  File "C:\Users\PedroMendes\OneDrive - SMART COMPASS\Documentos\Aplicações\JSON para SQL em Python\.venv\Lib\site-packages\pymysql\connections.py", line 575, in query
    self._affected_rows = self._read_query_result(unbuffered=unbuffered)
                          ~~~~~~~~~~~~~~~~~~~~~~~^^^^^^^^^^^^^^^^^^^^^^^
  File "C:\Users\PedroMendes\OneDrive - SMART COMPASS\Documentos\Aplicações\JSON para SQL em Python\.venv\Lib\site-packages\pymysql\connections.py", line 826, in _read_query_result
    result.read()
    ~~~~~~~~~~~^^
  File "C:\Users\PedroMendes\OneDrive - SMART COMPASS\Documentos\Aplicações\JSON para SQL em Python\.venv\Lib\site-packages\pymysql\connections.py", line 1203, in read
    first_packet = self.connection._read_packet()
  File "C:\Users\PedroMendes\OneDrive - SMART COMPASS\Documentos\Aplicações\JSON para SQL em Python\.venv\Lib\site-packages\pymysql\connections.py", line 782, in _read_packet
    packet.raise_for_error()
    ~~~~~~~~~~~~~~~~~~~~~~^^
  File "C:\Users\PedroMendes\OneDrive - SMART COMPASS\Documentos\Aplicações\JSON para SQL em Python\.venv\Lib\site-packages\pymysql\protocol.py", line 219, in raise_for_error
    err.raise_mysql_exception(self._data)
    ~~~~~~~~~~~~~~~~~~~~~~~~~^^^^^^^^^^^^
  File "C:\Users\PedroMendes\OneDrive - SMART COMPASS\Documentos\Aplicações\JSON para SQL em Python\.venv\Lib\site-packages\pymysql\err.py", line 150, in raise_mysql_exception
    raise errorclass(errno, errval)
sqlalchemy.exc.OperationalError: (pymysql.err.OperationalError) (1118, 'Row size too large (> 8126). Changing some columns to TEXT or BLOB may help. In current row format, BLOB prefix of 0 bytes is stored inline.')
[SQL: 
CREATE TABLE parcelas_contareceber_datacompetparcelas (
	`companyId` BIGINT, 
	`companyName` TEXT, 
	`businessAreaId` BIGINT, 
	`businessAreaName` TEXT, 
	`projectId` FLOAT(53), 
	`projectName` TEXT, 
	`groupCompanyId` BIGINT, 
	`groupCompanyName` TEXT, 
	`holdingId` BIGINT, 
	`holdingName` TEXT, 
	`subsidiaryId` BIGINT, 
	`subsidiaryName` TEXT, 
	`businessTypeId` TEXT, 
	`businessTypeName` TEXT, 
	`clientId` BIGINT, 
	`clientName` TEXT, 
	`billId` BIGINT, 
	`installmentId` BIGINT, 
	`documentIdentificationId` TEXT, 
	`documentIdentificationName` TEXT, 
	`documentNumber` TEXT, 
	`documentForecast` TEXT, 
	`originId` TEXT, 
	`originalAmount` FLOAT(53), 
	`discountAmount` FLOAT(53), 
	`taxAmount` FLOAT(53), 
	`indexerId` BIGINT, 
	`indexerName` TEXT, 
	`dueDate` TEXT, 
	`issueDate` TEXT, 
	`billDate` TEXT, 
	`installmentBaseDate` TEXT, 
	`balanceAmount` FLOAT(53), 
	`correctedBalanceAmount` FLOAT(53), 
	`periodicityType` TEXT, 
	`embeddedInterestAmount` FLOAT(53), 
	`interestType` TEXT, 
	`interestRate` FLOAT(53), 
	`correctionType` TEXT, 
	`interestBaseDate` TEXT, 
	`defaulterSituation` TEXT, 
	`subJudicie` TEXT, 
	`mainUnit` TEXT, 
	`installmentNumber` TEXT, 
	`paymentTerm_id` TEXT, 
	`paymentTerm_descrition` TEXT, 
	receipts_count BIGINT, 
	receipts TEXT, 
	`receiptsCategories_count` BIGINT, 
	`receiptsCategories` TEXT, 
	`receiptsCategories_0_costCenterId` BIGINT, 
	`receiptsCategories_0_projectId` FLOAT(53), 
	`receiptsCategories_0_businessTypeId` TEXT, 
	`receiptsCategories_0_businessAreaId` BIGINT, 
	`receiptsCategories_0_costCenterName` TEXT, 
	`receiptsCategories_0_financialCategoryId` TEXT, 
	`receiptsCategories_0_financialCategoryName` TEXT, 
	`receiptsCategories_0_projectName` TEXT, 
	`receiptsCategories_0_businessTypeName` TEXT, 
	`receiptsCategories_0_businessAreaName` TEXT, 
	`receiptsCategories_0_financialCategoryReducer` TEXT, 
	`receiptsCategories_0_financialCategoryType` TEXT, 
	`receiptsCategories_0_financialCategoryRate` FLOAT(53), 
	`receiptsCategories_1_costCenterId` FLOAT(53), 
	`receiptsCategories_1_projectId` FLOAT(53), 
	`receiptsCategories_1_businessTypeId` FLOAT(53), 
	`receiptsCategories_1_businessAreaId` FLOAT(53), 
	`receiptsCategories_1_costCenterName` TEXT, 
	`receiptsCategories_1_financialCategoryId` TEXT, 
	`receiptsCategories_1_financialCategoryName` TEXT, 
	`receiptsCategories_1_projectName` TEXT, 
	`receiptsCategories_1_businessTypeName` FLOAT(53), 
	`receiptsCategories_1_businessAreaName` TEXT, 
	`receiptsCategories_1_financialCategoryReducer` TEXT, 
	`receiptsCategories_1_financialCategoryType` TEXT, 
	`receiptsCategories_1_financialCategoryRate` FLOAT(53), 
	`receiptsCategories_2_costCenterId` FLOAT(53), 
	`receiptsCategories_2_projectId` FLOAT(53), 
	`receiptsCategories_2_businessTypeId` FLOAT(53), 
	`receiptsCategories_2_businessAreaId` FLOAT(53), 
	`receiptsCategories_2_costCenterName` TEXT, 
	`receiptsCategories_2_financialCategoryId` TEXT, 
	`receiptsCategories_2_financialCategoryName` TEXT, 
	`receiptsCategories_2_projectName` TEXT, 
	`receiptsCategories_2_businessTypeName` FLOAT(53), 
	`receiptsCategories_2_businessAreaName` TEXT, 
	`receiptsCategories_2_financialCategoryReducer` TEXT, 
	`receiptsCategories_2_financialCategoryType` TEXT, 
	`receiptsCategories_2_financialCategoryRate` FLOAT(53), 
	`bearerId` BIGINT, 
	`receiptsCategories_3_costCenterId` FLOAT(53), 
	`receiptsCategories_3_projectId` FLOAT(53), 
	`receiptsCategories_3_businessTypeId` FLOAT(53), 
	`receiptsCategories_3_businessAreaId` FLOAT(53), 
	`receiptsCategories_3_costCenterName` TEXT, 
	`receiptsCategories_3_financialCategoryId` TEXT, 
	`receiptsCategories_3_financialCategoryName` TEXT, 
	`receiptsCategories_3_projectName` TEXT, 
	`receiptsCategories_3_businessTypeName` FLOAT(53), 
	`receiptsCategories_3_businessAreaName` TEXT, 
	`receiptsCategories_3_financialCategoryReducer` TEXT, 
	`receiptsCategories_3_financialCategoryType` TEXT, 
	`receiptsCategories_3_financialCategoryRate` FLOAT(53), 
	`receiptsCategories_4_costCenterId` FLOAT(53), 
	`receiptsCategories_4_projectId` FLOAT(53), 
	`receiptsCategories_4_businessTypeId` FLOAT(53), 
	`receiptsCategories_4_businessAreaId` FLOAT(53), 
	`receiptsCategories_4_costCenterName` TEXT, 
	`receiptsCategories_4_financialCategoryId` TEXT, 
	`receiptsCategories_4_financialCategoryName` TEXT, 
	`receiptsCategories_4_projectName` TEXT, 
	`receiptsCategories_4_businessTypeName` FLOAT(53), 
	`receiptsCategories_4_businessAreaName` TEXT, 
	`receiptsCategories_4_financialCategoryReducer` TEXT, 
	`receiptsCategories_4_financialCategoryType` TEXT, 
	`receiptsCategories_4_financialCategoryRate` FLOAT(53), 
	`receiptsCategories_5_costCenterId` FLOAT(53), 
	`receiptsCategories_5_projectId` FLOAT(53), 
	`receiptsCategories_5_businessTypeId` FLOAT(53), 
	`receiptsCategories_5_businessAreaId` FLOAT(53), 
	`receiptsCategories_5_costCenterName` TEXT, 
	`receiptsCategories_5_financialCategoryId` TEXT, 
	`receiptsCategories_5_financialCategoryName` TEXT, 
	`receiptsCategories_5_projectName` TEXT, 
	`receiptsCategories_5_businessTypeName` FLOAT(53), 
	`receiptsCategories_5_businessAreaName` TEXT, 
	`receiptsCategories_5_financialCategoryReducer` TEXT, 
	`receiptsCategories_5_financialCategoryType` TEXT, 
	`receiptsCategories_5_financialCategoryRate` FLOAT(53), 
	`receiptsCategories_6_costCenterId` FLOAT(53), 
	`receiptsCategories_6_projectId` FLOAT(53), 
	`receiptsCategories_6_businessTypeId` FLOAT(53), 
	`receiptsCategories_6_businessAreaId` FLOAT(53), 
	`receiptsCategories_6_costCenterName` TEXT, 
	`receiptsCategories_6_financialCategoryId` TEXT, 
	`receiptsCategories_6_financialCategoryName` TEXT, 
	`receiptsCategories_6_projectName` TEXT, 
	`receiptsCategories_6_businessTypeName` FLOAT(53), 
	`receiptsCategories_6_businessAreaName` TEXT, 
	`receiptsCategories_6_financialCategoryReducer` TEXT, 
	`receiptsCategories_6_financialCategoryType` TEXT, 
	`receiptsCategories_6_financialCategoryRate` FLOAT(53), 
	`receiptsCategories_7_costCenterId` FLOAT(53), 
	`receiptsCategories_7_projectId` FLOAT(53), 
	`receiptsCategories_7_businessTypeId` FLOAT(53), 
	`receiptsCategories_7_businessAreaId` FLOAT(53), 
	`receiptsCategories_7_costCenterName` TEXT, 
	`receiptsCategories_7_financialCategoryId` TEXT, 
	`receiptsCategories_7_financialCategoryName` TEXT, 
	`receiptsCategories_7_projectName` TEXT, 
	`receiptsCategories_7_businessTypeName` FLOAT(53), 
	`receiptsCategories_7_businessAreaName` TEXT, 
	`receiptsCategories_7_financialCategoryReducer` TEXT, 
	`receiptsCategories_7_financialCategoryType` TEXT, 
	`receiptsCategories_7_financialCategoryRate` FLOAT(53), 
	`receipts_first_operationTypeId` FLOAT(53), 
	`receipts_first_operationTypeName` TEXT, 
	`receipts_first_grossAmount` FLOAT(53), 
	`receipts_first_monetaryCorrectionAmount` FLOAT(53), 
	`receipts_first_interestAmount` FLOAT(53), 
	`receipts_first_fineAmount` FLOAT(53), 
	`receipts_first_discountAmount` FLOAT(53), 
	`receipts_first_taxAmount` FLOAT(53), 
	`receipts_first_netAmount` FLOAT(53), 
	`receipts_first_additionAmount` FLOAT(53), 
	`receipts_first_insuranceAmount` FLOAT(53), 
	`receipts_first_dueAdmAmount` FLOAT(53), 
	`receipts_first_calculationDate` TEXT, 
	`receipts_first_paymentDate` TEXT, 
	`receipts_first_accountCompanyId` FLOAT(53), 
	`receipts_first_accountNumber` TEXT, 
	`receipts_first_accountType` TEXT, 
	`receipts_first_sequencialNumber` FLOAT(53), 
	`receipts_first_indexerId` FLOAT(53), 
	`receipts_first_embeddedInterestAmount` FLOAT(53), 
	`receipts_first_creditDate` FLOAT(53), 
	`receipts_first_proRata` FLOAT(53), 
	`receipts_first_bankMovements` TEXT, 
	`receiptsCategories_8_costCenterId` FLOAT(53), 
	`receiptsCategories_8_projectId` FLOAT(53), 
	`receiptsCategories_8_businessTypeId` FLOAT(53), 
	`receiptsCategories_8_businessAreaId` FLOAT(53), 
	`receiptsCategories_8_costCenterName` TEXT, 
	`receiptsCategories_8_financialCategoryId` TEXT, 
	`receiptsCategories_8_financialCategoryName` TEXT, 
	`receiptsCategories_8_projectName` TEXT, 
	`receiptsCategories_8_businessTypeName` FLOAT(53), 
	`receiptsCategories_8_businessAreaName` TEXT, 
	`receiptsCategories_8_financialCategoryReducer` TEXT, 
	`receiptsCategories_8_financialCategoryType` TEXT, 
	`receiptsCategories_8_financialCategoryRate` FLOAT(53), 
	`receiptsCategories_9_costCenterId` FLOAT(53), 
	`receiptsCategories_9_projectId` FLOAT(53), 
	`receiptsCategories_9_businessTypeId` FLOAT(53), 
	`receiptsCategories_9_businessAreaId` FLOAT(53), 
	`receiptsCategories_9_costCenterName` TEXT, 
	`receiptsCategories_9_financialCategoryId` TEXT, 
	`receiptsCategories_9_financialCategoryName` TEXT, 
	`receiptsCategories_9_projectName` TEXT, 
	`receiptsCategories_9_businessTypeName` FLOAT(53), 
	`receiptsCategories_9_businessAreaName` TEXT, 
	`receiptsCategories_9_financialCategoryReducer` TEXT, 
	`receiptsCategories_9_financialCategoryType` TEXT, 
	`receiptsCategories_9_financialCategoryRate` FLOAT(53), 
	`receiptsCategories_10_costCenterId` FLOAT(53), 
	`receiptsCategories_10_projectId` FLOAT(53), 
	`receiptsCategories_10_businessTypeId` FLOAT(53), 
	`receiptsCategories_10_businessAreaId` FLOAT(53), 
	`receiptsCategories_10_costCenterName` TEXT, 
	`receiptsCategories_10_financialCategoryId` TEXT, 
	`receiptsCategories_10_financialCategoryName` TEXT, 
	`receiptsCategories_10_projectName` TEXT, 
	`receiptsCategories_10_businessTypeName` FLOAT(53), 
	`receiptsCategories_10_businessAreaName` TEXT, 
	`receiptsCategories_10_financialCategoryReducer` TEXT, 
	`receiptsCategories_10_financialCategoryType` TEXT, 
	`receiptsCategories_10_financialCategoryRate` FLOAT(53), 
	`receiptsCategories_11_costCenterId` FLOAT(53), 
	`receiptsCategories_11_projectId` FLOAT(53), 
	`receiptsCategories_11_businessTypeId` FLOAT(53), 
	`receiptsCategories_11_businessAreaId` FLOAT(53), 
	`receiptsCategories_11_costCenterName` TEXT, 
	`receiptsCategories_11_financialCategoryId` TEXT, 
	`receiptsCategories_11_financialCategoryName` TEXT, 
	`receiptsCategories_11_projectName` TEXT, 
	`receiptsCategories_11_businessTypeName` FLOAT(53), 
	`receiptsCategories_11_businessAreaName` TEXT, 
	`receiptsCategories_11_financialCategoryReducer` TEXT, 
	`receiptsCategories_11_financialCategoryType` TEXT, 
	`receiptsCategories_11_financialCategoryRate` FLOAT(53), 
	`receiptsCategories_12_costCenterId` FLOAT(53), 
	`receiptsCategories_12_projectId` FLOAT(53), 
	`receiptsCategories_12_businessTypeId` FLOAT(53), 
	`receiptsCategories_12_businessAreaId` FLOAT(53), 
	`receiptsCategories_12_costCenterName` TEXT, 
	`receiptsCategories_12_financialCategoryId` TEXT, 
	`receiptsCategories_12_financialCategoryName` TEXT, 
	`receiptsCategories_12_projectName` TEXT, 
	`receiptsCategories_12_businessTypeName` FLOAT(53), 
	`receiptsCategories_12_businessAreaName` TEXT, 
	`receiptsCategories_12_financialCategoryReducer` TEXT, 
	`receiptsCategories_12_financialCategoryType` TEXT, 
	`receiptsCategories_12_financialCategoryRate` FLOAT(53), 
	`receiptsCategories_13_costCenterId` FLOAT(53), 
	`receiptsCategories_13_projectId` FLOAT(53), 
	`receiptsCategories_13_businessTypeId` FLOAT(53), 
	`receiptsCategories_13_businessAreaId` FLOAT(53), 
	`receiptsCategories_13_costCenterName` TEXT, 
	`receiptsCategories_13_financialCategoryId` TEXT, 
	`receiptsCategories_13_financialCategoryName` TEXT, 
	`receiptsCategories_13_projectName` TEXT, 
	`receiptsCategories_13_businessTypeName` FLOAT(53), 
	`receiptsCategories_13_businessAreaName` TEXT, 
	`receiptsCategories_13_financialCategoryReducer` TEXT, 
	`receiptsCategories_13_financialCategoryType` TEXT, 
	`receiptsCategories_13_financialCategoryRate` FLOAT(53), 
	`receiptsCategories_14_costCenterId` FLOAT(53), 
	`receiptsCategories_14_projectId` FLOAT(53), 
	`receiptsCategories_14_businessTypeId` FLOAT(53), 
	`receiptsCategories_14_businessAreaId` FLOAT(53), 
	`receiptsCategories_14_costCenterName` TEXT, 
	`receiptsCategories_14_financialCategoryId` TEXT, 
	`receiptsCategories_14_financialCategoryName` TEXT, 
	`receiptsCategories_14_projectName` TEXT, 
	`receiptsCategories_14_businessTypeName` FLOAT(53), 
	`receiptsCategories_14_businessAreaName` TEXT, 
	`receiptsCategories_14_financialCategoryReducer` TEXT, 
	`receiptsCategories_14_financialCategoryType` TEXT, 
	`receiptsCategories_14_financialCategoryRate` FLOAT(53), 
	`receiptsCategories_15_costCenterId` FLOAT(53), 
	`receiptsCategories_15_projectId` FLOAT(53), 
	`receiptsCategories_15_businessTypeId` FLOAT(53), 
	`receiptsCategories_15_businessAreaId` FLOAT(53), 
	`receiptsCategories_15_costCenterName` TEXT, 
	`receiptsCategories_15_financialCategoryId` TEXT, 
	`receiptsCategories_15_financialCategoryName` TEXT, 
	`receiptsCategories_15_projectName` TEXT, 
	`receiptsCategories_15_businessTypeName` FLOAT(53), 
	`receiptsCategories_15_businessAreaName` TEXT, 
	`receiptsCategories_15_financialCategoryReducer` TEXT, 
	`receiptsCategories_15_financialCategoryType` TEXT, 
	`receiptsCategories_15_financialCategoryRate` FLOAT(53), 
	`receiptsCategories_16_costCenterId` FLOAT(53), 
	`receiptsCategories_16_projectId` FLOAT(53), 
	`receiptsCategories_16_businessTypeId` FLOAT(53), 
	`receiptsCategories_16_businessAreaId` FLOAT(53), 
	`receiptsCategories_16_costCenterName` TEXT, 
	`receiptsCategories_16_financialCategoryId` TEXT, 
	`receiptsCategories_16_financialCategoryName` TEXT, 
	`receiptsCategories_16_projectName` TEXT, 
	`receiptsCategories_16_businessTypeName` FLOAT(53), 
	`receiptsCategories_16_businessAreaName` TEXT, 
	`receiptsCategories_16_financialCategoryReducer` TEXT, 
	`receiptsCategories_16_financialCategoryType` TEXT, 
	`receiptsCategories_16_financialCategoryRate` FLOAT(53), 
	`receiptsCategories_17_costCenterId` FLOAT(53), 
	`receiptsCategories_17_projectId` FLOAT(53), 
	`receiptsCategories_17_businessTypeId` FLOAT(53), 
	`receiptsCategories_17_businessAreaId` FLOAT(53), 
	`receiptsCategories_17_costCenterName` TEXT, 
	`receiptsCategories_17_financialCategoryId` TEXT, 
	`receiptsCategories_17_financialCategoryName` TEXT, 
	`receiptsCategories_17_projectName` TEXT, 
	`receiptsCategories_17_businessTypeName` FLOAT(53), 
	`receiptsCategories_17_businessAreaName` TEXT, 
	`receiptsCategories_17_financialCategoryReducer` TEXT, 
	`receiptsCategories_17_financialCategoryType` TEXT, 
	`receiptsCategories_17_financialCategoryRate` FLOAT(53), 
	`receiptsCategories_18_costCenterId` FLOAT(53), 
	`receiptsCategories_18_projectId` FLOAT(53), 
	`receiptsCategories_18_businessTypeId` FLOAT(53), 
	`receiptsCategories_18_businessAreaId` FLOAT(53), 
	`receiptsCategories_18_costCenterName` TEXT, 
	`receiptsCategories_18_financialCategoryId` TEXT, 
	`receiptsCategories_18_financialCategoryName` TEXT, 
	`receiptsCategories_18_projectName` TEXT, 
	`receiptsCategories_18_businessTypeName` FLOAT(53), 
	`receiptsCategories_18_businessAreaName` TEXT, 
	`receiptsCategories_18_financialCategoryReducer` TEXT, 
	`receiptsCategories_18_financialCategoryType` TEXT, 
	`receiptsCategories_18_financialCategoryRate` FLOAT(53), 
	`receiptsCategories_19_costCenterId` FLOAT(53), 
	`receiptsCategories_19_projectId` FLOAT(53), 
	`receiptsCategories_19_businessTypeId` FLOAT(53), 
	`receiptsCategories_19_businessAreaId` FLOAT(53), 
	`receiptsCategories_19_costCenterName` TEXT, 
	`receiptsCategories_19_financialCategoryId` TEXT, 
	`receiptsCategories_19_financialCategoryName` TEXT, 
	`receiptsCategories_19_projectName` TEXT, 
	`receiptsCategories_19_businessTypeName` FLOAT(53), 
	`receiptsCategories_19_businessAreaName` TEXT, 
	`receiptsCategories_19_financialCategoryReducer` TEXT, 
	`receiptsCategories_19_financialCategoryType` TEXT, 
	`receiptsCategories_19_financialCategoryRate` FLOAT(53), 
	`receiptsCategories_20_costCenterId` FLOAT(53), 
	`receiptsCategories_20_projectId` FLOAT(53), 
	`receiptsCategories_20_businessTypeId` FLOAT(53), 
	`receiptsCategories_20_businessAreaId` FLOAT(53), 
	`receiptsCategories_20_costCenterName` TEXT, 
	`receiptsCategories_20_financialCategoryId` TEXT, 
	`receiptsCategories_20_financialCategoryName` TEXT, 
	`receiptsCategories_20_projectName` TEXT, 
	`receiptsCategories_20_businessTypeName` FLOAT(53), 
	`receiptsCategories_20_businessAreaName` TEXT, 
	`receiptsCategories_20_financialCategoryReducer` TEXT, 
	`receiptsCategories_20_financialCategoryType` TEXT, 
	`receiptsCategories_20_financialCategoryRate` FLOAT(53), 
	`receiptsCategories_21_costCenterId` FLOAT(53), 
	`receiptsCategories_21_projectId` FLOAT(53), 
	`receiptsCategories_21_businessTypeId` FLOAT(53), 
	`receiptsCategories_21_businessAreaId` FLOAT(53), 
	`receiptsCategories_21_costCenterName` TEXT, 
	`receiptsCategories_21_financialCategoryId` TEXT, 
	`receiptsCategories_21_financialCategoryName` TEXT, 
	`receiptsCategories_21_projectName` TEXT, 
	`receiptsCategories_21_businessTypeName` FLOAT(53), 
	`receiptsCategories_21_businessAreaName` TEXT, 
	`receiptsCategories_21_financialCategoryReducer` TEXT, 
	`receiptsCategories_21_financialCategoryType` TEXT, 
	`receiptsCategories_21_financialCategoryRate` FLOAT(53), 
	`receiptsCategories_22_costCenterId` FLOAT(53), 
	`receiptsCategories_22_projectId` FLOAT(53), 
	`receiptsCategories_22_businessTypeId` FLOAT(53), 
	`receiptsCategories_22_businessAreaId` FLOAT(53), 
	`receiptsCategories_22_costCenterName` TEXT, 
	`receiptsCategories_22_financialCategoryId` TEXT, 
	`receiptsCategories_22_financialCategoryName` TEXT, 
	`receiptsCategories_22_projectName` TEXT, 
	`receiptsCategories_22_businessTypeName` FLOAT(53), 
	`receiptsCategories_22_businessAreaName` TEXT, 
	`receiptsCategories_22_financialCategoryReducer` TEXT, 
	`receiptsCategories_22_financialCategoryType` TEXT, 
	`receiptsCategories_22_financialCategoryRate` FLOAT(53), 
	`receiptsCategories_23_costCenterId` FLOAT(53), 
	`receiptsCategories_23_projectId` FLOAT(53), 
	`receiptsCategories_23_businessTypeId` FLOAT(53), 
	`receiptsCategories_23_businessAreaId` FLOAT(53), 
	`receiptsCategories_23_costCenterName` TEXT, 
	`receiptsCategories_23_financialCategoryId` TEXT, 
	`receiptsCategories_23_financialCategoryName` TEXT, 
	`receiptsCategories_23_projectName` TEXT, 
	`receiptsCategories_23_businessTypeName` FLOAT(53), 
	`receiptsCategories_23_businessAreaName` TEXT, 
	`receiptsCategories_23_financialCategoryReducer` TEXT, 
	`receiptsCategories_23_financialCategoryType` TEXT, 
	`receiptsCategories_23_financialCategoryRate` FLOAT(53), 
	`receiptsCategories_24_costCenterId` FLOAT(53), 
	`receiptsCategories_24_projectId` FLOAT(53), 
	`receiptsCategories_24_businessTypeId` FLOAT(53), 
	`receiptsCategories_24_businessAreaId` FLOAT(53), 
	`receiptsCategories_24_costCenterName` TEXT, 
	`receiptsCategories_24_financialCategoryId` TEXT, 
	`receiptsCategories_24_financialCategoryName` TEXT, 
	`receiptsCategories_24_projectName` TEXT, 
	`receiptsCategories_24_businessTypeName` FLOAT(53), 
	`receiptsCategories_24_businessAreaName` TEXT, 
	`receiptsCategories_24_financialCategoryReducer` TEXT, 
	`receiptsCategories_24_financialCategoryType` TEXT, 
	`receiptsCategories_24_financialCategoryRate` FLOAT(53), 
	`receiptsCategories_25_costCenterId` FLOAT(53), 
	`receiptsCategories_25_projectId` FLOAT(53), 
	`receiptsCategories_25_businessTypeId` FLOAT(53), 
	`receiptsCategories_25_businessAreaId` FLOAT(53), 
	`receiptsCategories_25_costCenterName` TEXT, 
	`receiptsCategories_25_financialCategoryId` TEXT, 
	`receiptsCategories_25_financialCategoryName` TEXT, 
	`receiptsCategories_25_projectName` TEXT, 
	`receiptsCategories_25_businessTypeName` FLOAT(53), 
	`receiptsCategories_25_businessAreaName` TEXT, 
	`receiptsCategories_25_financialCategoryReducer` TEXT, 
	`receiptsCategories_25_financialCategoryType` TEXT, 
	`receiptsCategories_25_financialCategoryRate` FLOAT(53), 
	`receiptsCategories_26_costCenterId` FLOAT(53), 
	`receiptsCategories_26_projectId` FLOAT(53), 
	`receiptsCategories_26_businessTypeId` FLOAT(53), 
	`receiptsCategories_26_businessAreaId` FLOAT(53), 
	`receiptsCategories_26_costCenterName` TEXT, 
	`receiptsCategories_26_financialCategoryId` TEXT, 
	`receiptsCategories_26_financialCategoryName` TEXT, 
	`receiptsCategories_26_projectName` TEXT, 
	`receiptsCategories_26_businessTypeName` FLOAT(53), 
	`receiptsCategories_26_businessAreaName` TEXT, 
	`receiptsCategories_26_financialCategoryReducer` TEXT, 
	`receiptsCategories_26_financialCategoryType` TEXT, 
	`receiptsCategories_26_financialCategoryRate` FLOAT(53)
)

]
(Background on this error at: https://sqlalche.me/e/20/e3q8)
